"C:/Users/Harsh Agarwal/Desktop/agora-unreal-4.24plus-sdk-master/Blueprints Approach/Content/SciFiWeapLight/Sound/Rifle/Wavs/Rifle_Fire01.uasset" 0
"C:/Users/Harsh Agarwal/Desktop/agora-unreal-4.24plus-sdk-master/Blueprints Approach/Content/SciFiWeapLight/Sound/Rifle/Wavs/Rifle_Fire02.uasset" 1
"C:/Users/Harsh Agarwal/Desktop/agora-unreal-4.24plus-sdk-master/Blueprints Approach/Content/SciFiWeapLight/Sound/Rifle/Wavs/Rifle_Fire03.uasset" 2
"C:/Users/Harsh Agarwal/Desktop/agora-unreal-4.24plus-sdk-master/Blueprints Approach/Content/SciFiWeapLight/Sound/Rifle/Wavs/Rifle_Fire04.uasset" 3
"C:/Users/Harsh Agarwal/Desktop/agora-unreal-4.24plus-sdk-master/Blueprints Approach/Content/SciFiWeapLight/Sound/Rifle/Wavs/Rifle_Fire05.uasset" 4
"C:/Users/Harsh Agarwal/Desktop/agora-unreal-4.24plus-sdk-master/Blueprints Approach/Content/SciFiWeapLight/Sound/Rifle/Wavs/Rifle_Fire06.uasset" 5
"C:/Users/Harsh Agarwal/Desktop/agora-unreal-4.24plus-sdk-master/Blueprints Approach/Content/SciFiWeapLight/Sound/Rifle/Wavs/Rifle_Fire_ST01.uasset" 6
"C:/Users/Harsh Agarwal/Desktop/agora-unreal-4.24plus-sdk-master/Blueprints Approach/Content/SciFiWeapLight/Sound/Rifle/Wavs/Rifle_Fire_ST02.uasset" 7
"C:/Users/Harsh Agarwal/Desktop/agora-unreal-4.24plus-sdk-master/Blueprints Approach/Content/SciFiWeapLight/Sound/Rifle/Wavs/Rifle_Fire_ST03.uasset" 8
"C:/Users/Harsh Agarwal/Desktop/agora-unreal-4.24plus-sdk-master/Blueprints Approach/Content/SciFiWeapLight/Sound/Rifle/Wavs/Rifle_Fire_ST04.uasset" 9
"C:/Users/Harsh Agarwal/Desktop/agora-unreal-4.24plus-sdk-master/Blueprints Approach/Content/SciFiWeapLight/Sound/Rifle/Wavs/Rifle_Fire_ST05.uasset" 10
"C:/Users/Harsh Agarwal/Desktop/agora-unreal-4.24plus-sdk-master/Blueprints Approach/Content/SciFiWeapLight/Sound/Rifle/Wavs/Rifle_Fire_ST06.uasset" 11
"C:/Users/Harsh Agarwal/Desktop/agora-unreal-4.24plus-sdk-master/Blueprints Approach/Content/SciFiWeapLight/Sound/Rifle/Wavs/Rifle_ImpactBody01.uasset" 12
"C:/Users/Harsh Agarwal/Desktop/agora-unreal-4.24plus-sdk-master/Blueprints Approach/Content/SciFiWeapLight/Sound/Rifle/Wavs/Rifle_ImpactBody02.uasset" 13
"C:/Users/Harsh Agarwal/Desktop/agora-unreal-4.24plus-sdk-master/Blueprints Approach/Content/SciFiWeapLight/Sound/Rifle/Wavs/Rifle_ImpactBody03.uasset" 14
"C:/Users/Harsh Agarwal/Desktop/agora-unreal-4.24plus-sdk-master/Blueprints Approach/Content/SciFiWeapLight/Sound/Rifle/Wavs/Rifle_ImpactBody04.uasset" 15
"C:/Users/Harsh Agarwal/Desktop/agora-unreal-4.24plus-sdk-master/Blueprints Approach/Content/SciFiWeapLight/Sound/Rifle/Wavs/Rifle_ImpactBody05.uasset" 16
"C:/Users/Harsh Agarwal/Desktop/agora-unreal-4.24plus-sdk-master/Blueprints Approach/Content/SciFiWeapLight/Sound/Rifle/Wavs/Rifle_ImpactBody06.uasset" 17
"C:/Users/Harsh Agarwal/Desktop/agora-unreal-4.24plus-sdk-master/Blueprints Approach/Content/SciFiWeapLight/Sound/RocketLauncher/Wavs/RL_Explosion01.uasset" 18
"C:/Users/Harsh Agarwal/Desktop/agora-unreal-4.24plus-sdk-master/Blueprints Approach/Content/SciFiWeapLight/Sound/RocketLauncher/Wavs/RL_Explosion02.uasset" 19
"C:/Users/Harsh Agarwal/Desktop/agora-unreal-4.24plus-sdk-master/Blueprints Approach/Content/SciFiWeapLight/Sound/RocketLauncher/Wavs/RL_Explosion03.uasset" 20
"C:/Users/Harsh Agarwal/Desktop/agora-unreal-4.24plus-sdk-master/Blueprints Approach/Content/SciFiWeapLight/Sound/RocketLauncher/Wavs/RL_Explosion04.uasset" 21
"C:/Users/Harsh Agarwal/Desktop/agora-unreal-4.24plus-sdk-master/Blueprints Approach/Content/SciFiWeapLight/Sound/RocketLauncher/Wavs/RL_Explosion05.uasset" 22
"C:/Users/Harsh Agarwal/Desktop/agora-unreal-4.24plus-sdk-master/Blueprints Approach/Content/SciFiWeapLight/Weapons/Textures/T_White_AssaultRifle_D.uasset" 23
"C:/Users/Harsh Agarwal/Desktop/agora-unreal-4.24plus-sdk-master/Blueprints Approach/Content/SciFiWeapLight/Weapons/Textures/T_White_AssaultRifle_Masks2.uasset" 24
"C:/Users/Harsh Agarwal/Desktop/agora-unreal-4.24plus-sdk-master/Blueprints Approach/Content/SciFiWeapLight/Weapons/Textures/T_White_AssaultRifle_N.uasset" 25
"C:/Users/Harsh Agarwal/Desktop/agora-unreal-4.24plus-sdk-master/Blueprints Approach/Content/SciFiWeapLight/Weapons/Textures/T_White_AssaultRifleColor_M.uasset" 26
"C:/Users/Harsh Agarwal/Desktop/agora-unreal-4.24plus-sdk-master/Blueprints Approach/Content/SciFiWeapLight/Weapons/Materials/M_WeaponMaster.uasset" 27
"C:/Users/Harsh Agarwal/Desktop/agora-unreal-4.24plus-sdk-master/Blueprints Approach/Content/SciFiWeapLight/Weapons/Textures/T_White_Knife_D.uasset" 28
"C:/Users/Harsh Agarwal/Desktop/agora-unreal-4.24plus-sdk-master/Blueprints Approach/Content/SciFiWeapLight/Weapons/Textures/T_White_Knife_Masks.uasset" 29
"C:/Users/Harsh Agarwal/Desktop/agora-unreal-4.24plus-sdk-master/Blueprints Approach/Content/SciFiWeapLight/Weapons/Textures/T_White_Knife_N.uasset" 30
"C:/Users/Harsh Agarwal/Desktop/agora-unreal-4.24plus-sdk-master/Blueprints Approach/Content/SciFiWeapLight/Weapons/Textures/T_White_KnifeColor_M.uasset" 31
"C:/Users/Harsh Agarwal/Desktop/agora-unreal-4.24plus-sdk-master/Blueprints Approach/Content/SciFiWeapLight/Weapons/Materials/M_Knife_Inst.uasset" 32
"C:/Users/Harsh Agarwal/Desktop/agora-unreal-4.24plus-sdk-master/Blueprints Approach/Content/SciFiWeapLight/Weapons/White_Knife_PhysicsAsset.uasset" 33
"C:/Users/Harsh Agarwal/Desktop/agora-unreal-4.24plus-sdk-master/Blueprints Approach/Content/SciFiWeapLight/Weapons/White_Knife_Skeleton.uasset" 34
"C:/Users/Harsh Agarwal/Desktop/agora-unreal-4.24plus-sdk-master/Blueprints Approach/Content/SciFiWeapLight/Weapons/White_Knife.uasset" 35
"../../../Engine/Content/Animation/DefaultAnimCurveCompressionSettings.uasset" 36
"../../../Engine/Content/Functions/Engine_MaterialFunctions01/Opacity/CameraDepthFade.uasset" 37
"../../../Engine/Content/EngineMaterials/T_Default_Material_Grid_M.uasset" 38
"../../../Engine/Content/EngineMaterials/T_Default_Material_Grid_N.uasset" 39
"../../../Engine/Content/EngineMaterials/WorldGridMaterial.uasset" 40
"../../../Engine/Content/ArtTools/RenderToTexture/Meshes/S_1_Unit_Plane.uasset" 41
"../../../Engine/Content/EngineMaterials/DefaultMaterial.uasset" 42
"../../../Engine/Content/BasicShapes/Cone.uasset" 43
"../../../Engine/Content/BasicShapes/Cube.uasset" 44
"../../../Engine/Content/BasicShapes/Cylinder.uasset" 45
"../../../Engine/Content/BasicShapes/Plane.uasset" 46
"../../../Engine/Content/EditorLandscapeResources/DataLayer.uasset" 47
"../../../Engine/Content/EditorMaterials/MAT_Groups_Toggle.uasset" 48
"../../../Engine/Content/EditorMaterials/MAT_Groups_Visibility.uasset" 49
"../../../Engine/Content/EditorMaterials/PreviewShadowIndicator.uasset" 50
"../../../Engine/Content/EditorMaterials/PreviewShadowIndicatorMaterial.uasset" 51
"../../../Engine/Content/EditorMaterials/MatineeGroups/MAT_ColorTrack.uasset" 52
"../../../Engine/Content/EditorMaterials/MatineeGroups/MAT_Groups_Anim.uasset" 53
"../../../Engine/Content/EditorMaterials/MatineeGroups/MAT_Groups_AudioMaster.uasset" 54
"../../../Engine/Content/EditorMaterials/MatineeGroups/MAT_Groups_Director.uasset" 55
"../../../Engine/Content/EditorMaterials/MatineeGroups/MAT_Groups_Event.uasset" 56
"../../../Engine/Content/EditorMaterials/MatineeGroups/MAT_Groups_Fade.uasset" 57
"../../../Engine/Content/EditorMaterials/MatineeGroups/MAT_Groups_Float.uasset" 58
"../../../Engine/Content/EditorMaterials/MatineeGroups/MAT_Groups_Move.uasset" 59
"../../../Engine/Content/EditorMaterials/MatineeGroups/MAT_Groups_Slomo.uasset" 60
"../../../Engine/Content/EditorMaterials/MatineeGroups/MAT_Groups_Sound.uasset" 61
"../../../Engine/Content/EditorMaterials/MatineeGroups/MAT_Groups_Vector.uasset" 62
"../../../Engine/Content/EditorMaterials/ParticleSystems/PSysThumbnail_NoImage.uasset" 63
"../../../Engine/Content/EditorMaterials/ParticleSystems/PSysThumbnail_OOD.uasset" 64
"../../../Engine/Content/EditorMaterials/Camera/CineMat.uasset" 65
"../../../Engine/Content/EditorMaterials/Camera/MI_CineMat_Rig.uasset" 66
"../../../Engine/Content/EditorMeshes/Camera/SM_CraneRig_Arm.uasset" 67
"../../../Engine/Content/EditorMeshes/Camera/SM_CraneRig_Base.uasset" 68
"../../../Engine/Content/EditorMeshes/Camera/SM_CraneRig_Body.uasset" 69
"../../../Engine/Content/EditorMeshes/Camera/SM_CraneRig_Mount.uasset" 70
"../../../Engine/Content/EditorMeshes/Camera/SM_RailRig_Mount.uasset" 71
"../../../Engine/Content/EditorMeshes/Camera/SM_RailRig_Track.uasset" 72
"../../../Engine/Content/EditorResources/BSPVertex.uasset" 73
"../../../Engine/Content/EditorResources/EmptyActor.uasset" 74
"../../../Engine/Content/EditorResources/S_Actor.uasset" 75
"../../../Engine/Content/EditorResources/S_Note.uasset" 76
"../../../Engine/Content/EditorResources/S_Solver.uasset" 77
"../../../Engine/Content/EditorResources/S_Trigger.uasset" 78
"../../../Engine/Content/EditorResources/LightIcons/S_LightError.uasset" 79
"../../../Engine/Content/EditorResources/SequenceRecorder/Countdown.uasset" 80
"../../../Engine/Content/EditorResources/SequenceRecorder/RecordingIndicator.uasset" 81
"../../../Engine/Content/EditorSounds/Notifications/CompileFailed.uasset" 82
"../../../Engine/Content/EditorSounds/Notifications/CompileFailed_Cue.uasset" 83
"../../../Engine/Content/EditorSounds/Notifications/CompileSuccess.uasset" 84
"../../../Engine/Content/EditorSounds/Notifications/CompileStart_Cue.uasset" 85
"../../../Engine/Content/EditorSounds/Notifications/CompileSuccess_Cue.uasset" 86
"../../../Engine/Content/EngineDamageTypes/DmgTypeBP_Environmental.uasset" 87
"../../../Engine/Content/EngineDebugMaterials/DebugEditorMaterial.uasset" 88
"../../../Engine/Content/EngineDebugMaterials/DebugMeshMaterial.uasset" 89
"../../../Engine/Content/EngineDebugMaterials/M_SimpleUnlitTranslucent.uasset" 90
"../../../Engine/Content/Functions/Engine_MaterialFunctions02/Utility/CameraDirectionVector.uasset" 91
"../../../Engine/Content/EngineDebugMaterials/VolumeToRender.uasset" 92
"../../../Engine/Content/EngineDebugMaterials/M_VolumeRenderSphereTracePP.uasset" 93
"../../../Engine/Content/EngineDebugMaterials/WireframeMaterial.uasset" 94
"../../../Engine/Content/EngineFonts/Faces/DroidSansFallback.uasset" 95
"../../../Engine/Content/EngineFonts/Faces/RobotoBold.uasset" 96
"../../../Engine/Content/EngineFonts/Faces/RobotoBoldItalic.uasset" 97
"../../../Engine/Content/EngineFonts/Faces/RobotoItalic.uasset" 98
"../../../Engine/Content/EngineFonts/Faces/RobotoLight.uasset" 99
"../../../Engine/Content/EngineFonts/Faces/RobotoRegular.uasset" 100
"../../../Engine/Content/EngineFonts/Roboto.uasset" 101
"../../../Engine/Content/EngineMaterials/BaseFlattenDiffuseMap.uasset" 102
"../../../Engine/Content/EngineMaterials/BaseFlattenEmissiveMap.uasset" 103
"../../../Engine/Content/EngineMaterials/BaseFlattenGrayscaleMap.uasset" 104
"../../../Engine/Content/EngineMaterials/BaseFlattenNormalMap.uasset" 105
"../../../Engine/Content/EngineMaterials/BaseFlattenMaterial.uasset" 106
"../../../Engine/Content/EngineMaterials/BlueNoise.uasset" 107
"../../../Engine/Content/EngineMaterials/DefaultBloomKernel.uasset" 108
"../../../Engine/Content/EngineMaterials/DefaultBokeh.uasset" 109
"../../../Engine/Content/EngineMaterials/DefaultDiffuse.uasset" 110
"../../../Engine/Content/EngineMaterials/DefaultDeferredDecalMaterial.uasset" 111
"../../../Engine/Content/EngineMaterials/DefaultLightFunctionMaterial.uasset" 112
"../../../Engine/Content/EngineMaterials/DefaultPhysicalMaterial.uasset" 113
"../../../Engine/Content/Functions/Engine_MaterialFunctions02/Utility/BreakOutFloat2Components.uasset" 114
"../../../Engine/Content/EngineMaterials/DefaultPostProcessMaterial.uasset" 115
"../../../Engine/Content/EngineFonts/RobotoDistanceField.uasset" 116
"../../../Engine/Content/EngineMaterials/DefaultTextMaterialOpaque.uasset" 117
"../../../Engine/Content/EngineMaterials/DefaultWhiteGrid.uasset" 118
"../../../Engine/Content/EngineMaterials/DefaultWhiteGrid_Low.uasset" 119
"../../../Engine/Content/EngineMaterials/EmissiveMeshMaterial.uasset" 120
"../../../Engine/Content/EngineMaterials/GizmoMaterial.uasset" 121
"../../../Engine/Content/EngineMaterials/Good64x64TilingNoiseHighFreq.uasset" 122
"../../../Engine/Content/EngineMaterials/MiniFont.uasset" 123
"../../../Engine/Content/EngineMaterials/InvalidLightmapSettings.uasset" 124
"../../../Engine/Content/EngineMaterials/M_InvalidLightmapSettings.uasset" 125
"../../../Engine/Content/Functions/Engine_MaterialFunctions02/WorldPositionOffset/CameraOffset.uasset" 126
"../../../Engine/Content/EngineMaterials/PhAT_JointLimitMaterial.uasset" 127
"../../../Engine/Content/EngineMaterials/PreintegratedSkinBRDF.uasset" 128
"../../../Engine/Content/EngineMaterials/RemoveSurfaceMaterial.uasset" 129
"../../../Engine/Content/EngineMaterials/WeightMapPlaceholderTexture.uasset" 130
"../../../Engine/Content/EngineResources/WhiteSquareTexture.uasset" 131
"../../../Engine/Content/EngineMaterials/Widget3DPassThrough.uasset" 132
"../../../Engine/Content/EngineMaterials/Widget3DPassThrough_Masked.uasset" 133
"../../../Engine/Content/EngineMaterials/Widget3DPassThrough_Opaque.uasset" 134
"../../../Engine/Content/EngineMaterials/Widget3DPassThrough_Masked_OneSided.uasset" 135
"../../../Engine/Content/EngineMaterials/Widget3DPassThrough_Opaque_OneSided.uasset" 136
"../../../Engine/Content/EngineMaterials/Widget3DPassThrough_Translucent.uasset" 137
"../../../Engine/Content/EngineMaterials/Widget3DPassThrough_Translucent_OneSided.uasset" 138
"../../../Engine/Content/EngineMeshes/Cylinder.uasset" 139
"../../../Engine/Content/EngineMeshes/Sphere.uasset" 140
"../../../Engine/Content/EngineResources/Black.uasset" 141
"../../../Engine/Content/EngineResources/DefaultTexture.uasset" 142
"../../../Engine/Content/EngineResources/DefaultTextureCube.uasset" 143
"../../../Engine/Content/EngineResources/DefaultVolumeTexture2D.uasset" 144
"../../../Engine/Content/EngineResources/DefaultVolumeTexture.uasset" 145
"../../../Engine/Content/EngineResources/GradientTexture0.uasset" 146
"../../../Engine/Content/EngineSounds/Master.uasset" 147
"../../../Engine/Content/Functions/Engine_MaterialFunctions01/Shading/ConvertFromDiffSpec.uasset" 148
"../../../Engine/Content/Functions/Engine_MaterialFunctions01/Shading/PowerToRoughness.uasset" 149
"../../../Engine/Content/Maps/Templates/Thumbnails/Default.uasset" 150
"../../../Engine/Content/Maps/Templates/Thumbnails/TimeOfDay.uasset" 151
"../../../Engine/Content/Maps/Templates/Thumbnails/VR-Basic.uasset" 152
"../../../Engine/Content/MobileResources/T_MobileControls_texture.uasset" 153
"../../../Engine/Content/MobileResources/T_MobileMenu2.uasset" 154
"../../../Engine/Content/MobileResources/HUD/AnalogHat.uasset" 155
"../../../Engine/Content/MobileResources/HUD/VirtualJoystick_Background.uasset" 156
"../../../Engine/Content/MobileResources/HUD/VirtualJoystick_Thumb.uasset" 157
"../../../Engine/Content/MobileResources/HUD/DefaultVirtualJoysticks.uasset" 158
"../../../Engine/Content/MobileResources/HUD/LeftVirtualJoystickOnly.uasset" 159
"../../../Engine/Content/MobileResources/HUD/MobileHUDButton1_off.uasset" 160
"../../../Engine/Content/MobileResources/HUD/MobileHUDButton1_on.uasset" 161
"../../../Engine/Content/MobileResources/HUD/MobileHUDButton2_off.uasset" 162
"../../../Engine/Content/MobileResources/HUD/MobileHUDButton2_on.uasset" 163
"../../../Engine/Content/MobileResources/HUD/MobileHUDButton3.uasset" 164
"../../../Engine/Content/MobileResources/HUD/MobileHUDButtonFire.uasset" 165
"../../../Engine/Content/MobileResources/HUD/MobileHUDDirectionPad.uasset" 166
"../../../Engine/Content/MobileResources/HUD/MobileHUDDirectionPad2.uasset" 167
"../../../Engine/Content/MobileResources/HUD/MobileHUDDirectionPad3.uasset" 168
"../../../Engine/Content/MobileResources/HUD/MobileHUDDirectionStick.uasset" 169
"../../../Engine/Content/MobileResources/HUD/T_Castle_ThumbstickInner.uasset" 170
"../../../Engine/Content/MobileResources/HUD/T_Castle_ThumbstickOutter.uasset" 171
"../../../Engine/Content/Tutorial/ContentIntroCurve.uasset" 172
"../../../Engine/Content/Tutorial/Basics/LevelEditorAttract.uasset" 173
"../../../Engine/Content/Tutorial/BlueprintTutorials/TutorialAssets/Blueprint_64x.uasset" 174
"../../../Engine/Content/Tutorial/BlueprintTutorials/BlueprintEditorTutorial.uasset" 175
"../../../Engine/Content/Tutorial/Installation/InstallingVisualStudioTutorial.uasset" 176
"../../../Engine/Content/Tutorial/Mobile/TutorialAssets/IOS.uasset" 177
"../../../Engine/Content/Tutorial/Mobile/InstallingiTunesTutorial.uasset" 178
"../../../Engine/Content/Tutorial/Mobile/TutorialAssets/android_Icon.uasset" 179
"../../../Engine/Content/Tutorial/Mobile/SettingUpAndroidTutorial.uasset" 180
"../../../Engine/Content/Tutorial/Mobile/SettingUpLuminTutorial.uasset" 181
"../../../Engine/Content/VREditor/LaserPointer/VR_LaserPower_01.uasset" 182
"../../../Engine/Content/VREditor/TransformGizmo/TransformGizmoMaterial.uasset" 183
"../../../Engine/Content/VREditor/TransformGizmo/TranslucentTransformGizmoMaterial.uasset" 184
"../../../Engine/Content/VREditor/TransformGizmo/BoundingBoxCorner.uasset" 185
"../../../Engine/Content/VREditor/TransformGizmo/BoundingBoxEdge.uasset" 186
"../../../Engine/Content/VREditor/TransformGizmo/PlaneTranslationHandle.uasset" 187
"../../../Engine/Content/VREditor/TransformGizmo/Main.uasset" 188
"../../../Engine/Content/VREditor/TransformGizmo/Xray.uasset" 189
"../../../Engine/Content/VREditor/TransformGizmo/SM_Sequencer_Key.uasset" 190
"../../../Engine/Content/VREditor/TransformGizmo/SM_Sequencer_Node.uasset" 191
"../../Plugins/2D/Paper2D/Content/PlaceholderTextures/DummySpriteTexture.uasset" 192
"../../Plugins/2D/Paper2D/Content/DummySprite.uasset" 193
"../../Plugins/2D/Paper2D/Content/DefaultPaperTerrainMaterial.uasset" 194
"../../Plugins/2D/Paper2D/Content/DefaultSpriteMaterial.uasset" 195
"../../Plugins/2D/Paper2D/Content/MaskedUnlitSpriteMaterial.uasset" 196
"../../Plugins/2D/Paper2D/Content/OpaqueUnlitSpriteMaterial.uasset" 197
"../../Plugins/FX/Niagara/Content/Enums/ENiagaraBooleanLogicOps.uasset" 198
"../../Plugins/FX/Niagara/Content/Enums/ENiagaraCoordinateSpace.uasset" 199
"../../Plugins/FX/Niagara/Content/Enums/ENiagaraExpansionMode.uasset" 200
"../../Plugins/FX/Niagara/Content/Enums/ENiagaraOrientationAxis.uasset" 201
"../../Plugins/FX/Niagara/Content/Enums/ENiagaraRandomnessMode.uasset" 202
"../../../Engine/Content/Functions/Engine_MaterialFunctions02/Utility/BreakOutFloat4Components.uasset" 203
"../../../Engine/Content/Functions/Engine_MaterialFunctions02/Utility/MakeFloat2.uasset" 204
"../../../Engine/Content/Functions/Engine_MaterialFunctions02/Utility/MakeFloat3.uasset" 205
"../../Plugins/Runtime/Oculus/OculusVR/Content/Materials/OculusMR_ChromaKey.uasset" 206
"../../Plugins/Runtime/Oculus/OculusVR/Content/Materials/OculusMR_ChromaKey_Lit.uasset" 207
"../../Plugins/Runtime/Oculus/OculusVR/Content/Materials/OculusMR_OpaqueColoredMaterial.uasset" 208
"../../Plugins/Runtime/Oculus/OculusVR/Content/Materials/OculusMR_WhiteMaterial.uasset" 209
"../../../Engine/Content/EngineMeshes/Humanoid.uasset" 210
"C:/Users/Harsh Agarwal/Desktop/agora-unreal-4.24plus-sdk-master/Blueprints Approach/Content/AnimStarterPack/UE4_Mannequin/Mesh/UE4_Mannequin_Skeleton.uasset" 211
"C:/Users/Harsh Agarwal/Desktop/agora-unreal-4.24plus-sdk-master/Blueprints Approach/Content/AnimStarterPack/Crouch_Idle_Rifle_Hip.uasset" 212
"C:/Users/Harsh Agarwal/Desktop/agora-unreal-4.24plus-sdk-master/Blueprints Approach/Content/AnimStarterPack/Idle_Rifle_Hip.uasset" 213
"C:/Users/Harsh Agarwal/Desktop/agora-unreal-4.24plus-sdk-master/Blueprints Approach/Content/AnimStarterPack/Jump_From_Jog.uasset" 214
"C:/Users/Harsh Agarwal/Desktop/agora-unreal-4.24plus-sdk-master/Blueprints Approach/Content/AnimStarterPack/Jump_From_Stand.uasset" 215
"C:/Users/Harsh Agarwal/Desktop/agora-unreal-4.24plus-sdk-master/Blueprints Approach/Content/AnimStarterPack/Crouch_Walk_Bwd_Rifle_Hip.uasset" 216
"C:/Users/Harsh Agarwal/Desktop/agora-unreal-4.24plus-sdk-master/Blueprints Approach/Content/AnimStarterPack/Crouch_Walk_Fwd_Rifle_Hip.uasset" 217
"C:/Users/Harsh Agarwal/Desktop/agora-unreal-4.24plus-sdk-master/Blueprints Approach/Content/AnimStarterPack/Crouch_Walk_Lt_Rifle_Hip.uasset" 218
"C:/Users/Harsh Agarwal/Desktop/agora-unreal-4.24plus-sdk-master/Blueprints Approach/Content/AnimStarterPack/Crouch_Walk_Rt_Rifle_Hip.uasset" 219
"C:/Users/Harsh Agarwal/Desktop/agora-unreal-4.24plus-sdk-master/Blueprints Approach/Content/AnimStarterPack/BS_CrouchWalk.uasset" 220
"C:/Users/Harsh Agarwal/Desktop/agora-unreal-4.24plus-sdk-master/Blueprints Approach/Content/AnimStarterPack/Jog_Bwd_Rifle.uasset" 221
"C:/Users/Harsh Agarwal/Desktop/agora-unreal-4.24plus-sdk-master/Blueprints Approach/Content/AnimStarterPack/Jog_Fwd_Rifle.uasset" 222
"C:/Users/Harsh Agarwal/Desktop/agora-unreal-4.24plus-sdk-master/Blueprints Approach/Content/AnimStarterPack/Jog_Lt_Rifle.uasset" 223
"C:/Users/Harsh Agarwal/Desktop/agora-unreal-4.24plus-sdk-master/Blueprints Approach/Content/AnimStarterPack/Jog_Rt_Rifle.uasset" 224
"C:/Users/Harsh Agarwal/Desktop/agora-unreal-4.24plus-sdk-master/Blueprints Approach/Content/AnimStarterPack/BS_Jog.uasset" 225
"C:/Users/Harsh Agarwal/Desktop/agora-unreal-4.24plus-sdk-master/Blueprints Approach/Content/SciFiWeapLight/Weapons/Materials/M_KnifeVer2_Inst.uasset" 226
"C:/Users/Harsh Agarwal/Desktop/agora-unreal-4.24plus-sdk-master/Blueprints Approach/Content/AnimStarterPack/UE4_Mannequin/Mesh/SK_Mannequin_Physics.uasset" 227
"C:/Users/Harsh Agarwal/Desktop/agora-unreal-4.24plus-sdk-master/Blueprints Approach/Content/AnimStarterPack/UE4_Mannequin/Mesh/SK_Mannequin.uasset" 228
"C:/Users/Harsh Agarwal/Desktop/agora-unreal-4.24plus-sdk-master/Blueprints Approach/Content/AnimStarterPack/Ue4ASP_Character.uasset" 229
"C:/Users/Harsh Agarwal/Desktop/agora-unreal-4.24plus-sdk-master/Blueprints Approach/Content/AnimStarterPack/UE4ASP_HeroTPP_AnimBlueprint.uasset" 230
"../../../Engine/Content/Animation/DefaultAnimBoneCompressionSettings.uasset" 231
"C:/Users/Harsh Agarwal/Desktop/agora-unreal-4.24plus-sdk-master/Blueprints Approach/Content/SciFiWeapLight/FX/Textures/T_AssaultRifle_MuzzleFlashes_01.uasset" 232
"C:/Users/Harsh Agarwal/Desktop/agora-unreal-4.24plus-sdk-master/Blueprints Approach/Content/SciFiWeapLight/FX/Textures/T_Plasma_Detail_01.uasset" 233
"C:/Users/Harsh Agarwal/Desktop/agora-unreal-4.24plus-sdk-master/Blueprints Approach/Content/SciFiWeapLight/FX/Materials/M_AssaultRifle_MuzzleFlash_4x1.uasset" 234
"C:/Users/Harsh Agarwal/Desktop/agora-unreal-4.24plus-sdk-master/Blueprints Approach/Content/SciFiWeapLight/FX/Materials/M_AssualtRifle_Core_01.uasset" 235
"C:/Users/Harsh Agarwal/Desktop/agora-unreal-4.24plus-sdk-master/Blueprints Approach/Content/SciFiWeapLight/FX/Textures/T_DistortionCrystals_01.uasset" 236
"C:/Users/Harsh Agarwal/Desktop/agora-unreal-4.24plus-sdk-master/Blueprints Approach/Content/SciFiWeapLight/FX/Textures/T_DistortionCrystals_Mask_01.uasset" 237
"C:/Users/Harsh Agarwal/Desktop/agora-unreal-4.24plus-sdk-master/Blueprints Approach/Content/SciFiWeapLight/FX/Materials/M_CrystalRefraction_01.uasset" 238
"C:/Users/Harsh Agarwal/Desktop/agora-unreal-4.24plus-sdk-master/Blueprints Approach/Content/SciFiWeapLight/FX/Textures/T_GlowSphere_01.uasset" 239
"C:/Users/Harsh Agarwal/Desktop/agora-unreal-4.24plus-sdk-master/Blueprints Approach/Content/SciFiWeapLight/FX/Materials/M_Pop_01.uasset" 240
"C:/Users/Harsh Agarwal/Desktop/agora-unreal-4.24plus-sdk-master/Blueprints Approach/Content/SciFiWeapLight/FX/Textures/T_FrameClamp.uasset" 241
"C:/Users/Harsh Agarwal/Desktop/agora-unreal-4.24plus-sdk-master/Blueprints Approach/Content/SciFiWeapLight/FX/Textures/T_NoiseMask_01.uasset" 242
"C:/Users/Harsh Agarwal/Desktop/agora-unreal-4.24plus-sdk-master/Blueprints Approach/Content/SciFiWeapLight/FX/Textures/T_Plasma_A_01.uasset" 243
"C:/Users/Harsh Agarwal/Desktop/agora-unreal-4.24plus-sdk-master/Blueprints Approach/Content/SciFiWeapLight/FX/Textures/T_Plasma_B_01.uasset" 244
"C:/Users/Harsh Agarwal/Desktop/agora-unreal-4.24plus-sdk-master/Blueprints Approach/Content/SciFiWeapLight/FX/Textures/T_PlasmaMask_01.uasset" 245
"C:/Users/Harsh Agarwal/Desktop/agora-unreal-4.24plus-sdk-master/Blueprints Approach/Content/SciFiWeapLight/FX/Materials/M_Plasma_01.uasset" 246
"C:/Users/Harsh Agarwal/Desktop/agora-unreal-4.24plus-sdk-master/Blueprints Approach/Content/SciFiWeapLight/FX/Materials/M_Plasma_Inst_B_Light.uasset" 247
"C:/Users/Harsh Agarwal/Desktop/agora-unreal-4.24plus-sdk-master/Blueprints Approach/Content/SciFiWeapLight/FX/Materials/M_Plasma_Inst_C_Light.uasset" 248
"C:/Users/Harsh Agarwal/Desktop/agora-unreal-4.24plus-sdk-master/Blueprints Approach/Content/SciFiWeapLight/FX/Textures/T_Pistol_Streaks_01.uasset" 249
"C:/Users/Harsh Agarwal/Desktop/agora-unreal-4.24plus-sdk-master/Blueprints Approach/Content/SciFiWeapLight/FX/Materials/M_Pistol_Streaks_01.uasset" 250
"C:/Users/Harsh Agarwal/Desktop/agora-unreal-4.24plus-sdk-master/Blueprints Approach/Content/SciFiWeapLight/FX/Textures/T_Sparks_02.uasset" 251
"C:/Users/Harsh Agarwal/Desktop/agora-unreal-4.24plus-sdk-master/Blueprints Approach/Content/SciFiWeapLight/FX/Materials/M_Sparks_02.uasset" 252
"C:/Users/Harsh Agarwal/Desktop/agora-unreal-4.24plus-sdk-master/Blueprints Approach/Content/SciFiWeapLight/FX/Meshes/St_AssualtRifle_Core_01.uasset" 253
"C:/Users/Harsh Agarwal/Desktop/agora-unreal-4.24plus-sdk-master/Blueprints Approach/Content/SciFiWeapLight/FX/Vector_Fields/FGA_Turbulent_01.uasset" 254
"C:/Users/Harsh Agarwal/Desktop/agora-unreal-4.24plus-sdk-master/Blueprints Approach/Content/SciFiWeapLight/FX/Particles/P_AssaultRifle_MuzzleFlash_Light.uasset" 255
"C:/Users/Harsh Agarwal/Desktop/agora-unreal-4.24plus-sdk-master/Blueprints Approach/Content/SciFiWeapLight/Sound/Attenuation/WeaponShot_att.uasset" 256
"C:/Users/Harsh Agarwal/Desktop/agora-unreal-4.24plus-sdk-master/Blueprints Approach/Content/SciFiWeapLight/Sound/Rifle/Rifle_Fire_Cue.uasset" 257
"C:/Users/Harsh Agarwal/Desktop/agora-unreal-4.24plus-sdk-master/Blueprints Approach/Content/SciFiWeapLight/Weapons/White_AssaultRifle_Skeleton.uasset" 258
"C:/Users/Harsh Agarwal/Desktop/agora-unreal-4.24plus-sdk-master/Blueprints Approach/Content/SciFiWeapLight/Weapons/Anims/Fire_Rifle_W.uasset" 259
"C:/Users/Harsh Agarwal/Desktop/agora-unreal-4.24plus-sdk-master/Blueprints Approach/Content/SciFiWeapLight/Weapons/White_AssaultRifle_Skeleton_AnimBlueprint.uasset" 260
"C:/Users/Harsh Agarwal/Desktop/agora-unreal-4.24plus-sdk-master/Blueprints Approach/Content/Mannequin/Character/Mesh/UE4_Mannequin_Skeleton.uasset" 261
"C:/Users/Harsh Agarwal/Desktop/agora-unreal-4.24plus-sdk-master/Blueprints Approach/Content/Mannequin/Animations/ThirdPerson_Jump.uasset" 262
"C:/Users/Harsh Agarwal/Desktop/agora-unreal-4.24plus-sdk-master/Blueprints Approach/Content/Mannequin/Animations/ThirdPersonJump_Loop.uasset" 263
"C:/Users/Harsh Agarwal/Desktop/agora-unreal-4.24plus-sdk-master/Blueprints Approach/Content/Mannequin/Animations/ThirdPersonJump_Start.uasset" 264
"C:/Users/Harsh Agarwal/Desktop/agora-unreal-4.24plus-sdk-master/Blueprints Approach/Content/Mannequin/Animations/ThirdPersonIdle.uasset" 265
"C:/Users/Harsh Agarwal/Desktop/agora-unreal-4.24plus-sdk-master/Blueprints Approach/Content/Mannequin/Animations/ThirdPersonRun.uasset" 266
"C:/Users/Harsh Agarwal/Desktop/agora-unreal-4.24plus-sdk-master/Blueprints Approach/Content/Mannequin/Animations/ThirdPersonWalk.uasset" 267
"C:/Users/Harsh Agarwal/Desktop/agora-unreal-4.24plus-sdk-master/Blueprints Approach/Content/Mannequin/Animations/ThirdPerson_IdleRun_2D.uasset" 268
"../../../Engine/Content/EditorBlueprintResources/StandardMacros.uasset" 269
"C:/Users/Harsh Agarwal/Desktop/agora-unreal-4.24plus-sdk-master/Blueprints Approach/Content/Mannequin/Animations/ThirdPerson_AnimBP.uasset" 270
"C:/Users/Harsh Agarwal/Desktop/agora-unreal-4.24plus-sdk-master/Blueprints Approach/Content/Melee/ChaseStatus.uasset" 271
"C:/Users/Harsh Agarwal/Desktop/agora-unreal-4.24plus-sdk-master/Blueprints Approach/Content/Melee/MeleeBB.uasset" 272
"C:/Users/Harsh Agarwal/Desktop/agora-unreal-4.24plus-sdk-master/Blueprints Approach/Content/Melee/ChangeMeleeAISpeed.uasset" 273
"C:/Users/Harsh Agarwal/Desktop/agora-unreal-4.24plus-sdk-master/Blueprints Approach/Content/Melee/ChangeStatus.uasset" 274
"C:/Users/Harsh Agarwal/Desktop/agora-unreal-4.24plus-sdk-master/Blueprints Approach/Content/Melee/ChasePlayer.uasset" 275
"C:/Users/Harsh Agarwal/Desktop/agora-unreal-4.24plus-sdk-master/Blueprints Approach/Content/Melee/FindPlayerLocation.uasset" 276
"C:/Users/Harsh Agarwal/Desktop/agora-unreal-4.24plus-sdk-master/Blueprints Approach/Content/Melee/FindRandomLocation.uasset" 277
"C:/Users/Harsh Agarwal/Desktop/agora-unreal-4.24plus-sdk-master/Blueprints Approach/Content/Melee/FindRandomLocation_2.uasset" 278
"C:/Users/Harsh Agarwal/Desktop/agora-unreal-4.24plus-sdk-master/Blueprints Approach/Content/Melee/IsPlayerInRange.uasset" 279
"C:/Users/Harsh Agarwal/Desktop/agora-unreal-4.24plus-sdk-master/Blueprints Approach/Content/Melee/MeleeAttack.uasset" 280
"C:/Users/Harsh Agarwal/Desktop/agora-unreal-4.24plus-sdk-master/Blueprints Approach/Content/Melee/MeleeBT.uasset" 281
"C:/Users/Harsh Agarwal/Desktop/agora-unreal-4.24plus-sdk-master/Blueprints Approach/Content/Melee/MeleerAI.uasset" 282
"C:/Users/Harsh Agarwal/Desktop/agora-unreal-4.24plus-sdk-master/Blueprints Approach/Content/UI/GetHit.uasset" 283
"../../../Engine/Content/Functions/Engine_MaterialFunctions02/Utility/BlendAngleCorrectedNormals.uasset" 284
"../../../Engine/Content/Functions/MaterialLayerFunctions/MatLayerBlend_NormalBlend.uasset" 285
"../../../Engine/Content/Functions/MaterialLayerFunctions/MatLayerBlend_Simple.uasset" 286
"C:/Users/Harsh Agarwal/Desktop/agora-unreal-4.24plus-sdk-master/Blueprints Approach/Content/Mannequin/Character/Materials/MaterialLayers/T_ML_Rubber_Blue_01_D.uasset" 287
"C:/Users/Harsh Agarwal/Desktop/agora-unreal-4.24plus-sdk-master/Blueprints Approach/Content/Mannequin/Character/Materials/MaterialLayers/T_ML_Rubber_Blue_01_N.uasset" 288
"C:/Users/Harsh Agarwal/Desktop/agora-unreal-4.24plus-sdk-master/Blueprints Approach/Content/Mannequin/Character/Materials/MaterialLayers/ML_GlossyBlack_Latex_UE4.uasset" 289
"C:/Users/Harsh Agarwal/Desktop/agora-unreal-4.24plus-sdk-master/Blueprints Approach/Content/Mannequin/Character/Materials/MaterialLayers/ML_Plastic_Shiny_Beige.uasset" 290
"C:/Users/Harsh Agarwal/Desktop/agora-unreal-4.24plus-sdk-master/Blueprints Approach/Content/Mannequin/Character/Textures/UE4_LOGO_CARD.uasset" 291
"C:/Users/Harsh Agarwal/Desktop/agora-unreal-4.24plus-sdk-master/Blueprints Approach/Content/Mannequin/Character/Materials/MaterialLayers/ML_Plastic_Shiny_Beige_LOGO.uasset" 292
"C:/Users/Harsh Agarwal/Desktop/agora-unreal-4.24plus-sdk-master/Blueprints Approach/Content/Mannequin/Character/Materials/MaterialLayers/T_ML_Aluminum01.uasset" 293
"C:/Users/Harsh Agarwal/Desktop/agora-unreal-4.24plus-sdk-master/Blueprints Approach/Content/Mannequin/Character/Materials/MaterialLayers/T_ML_Aluminum01_N.uasset" 294
"C:/Users/Harsh Agarwal/Desktop/agora-unreal-4.24plus-sdk-master/Blueprints Approach/Content/Mannequin/Character/Materials/MaterialLayers/ML_SoftMetal_UE4.uasset" 295
"C:/Users/Harsh Agarwal/Desktop/agora-unreal-4.24plus-sdk-master/Blueprints Approach/Content/Mannequin/Character/Textures/UE4_Mannequin__normals.uasset" 296
"C:/Users/Harsh Agarwal/Desktop/agora-unreal-4.24plus-sdk-master/Blueprints Approach/Content/Mannequin/Character/Textures/UE4_Mannequin_MAT_MASKA.uasset" 297
"C:/Users/Harsh Agarwal/Desktop/agora-unreal-4.24plus-sdk-master/Blueprints Approach/Content/Mannequin/Character/Materials/M_UE4Man_Body.uasset" 298
"C:/Users/Harsh Agarwal/Desktop/agora-unreal-4.24plus-sdk-master/Blueprints Approach/Content/Mannequin/Character/Textures/UE4Man_Logo_N.uasset" 299
"C:/Users/Harsh Agarwal/Desktop/agora-unreal-4.24plus-sdk-master/Blueprints Approach/Content/Mannequin/Character/Materials/M_UE4Man_ChestLogo.uasset" 300
"C:/Users/Harsh Agarwal/Desktop/agora-unreal-4.24plus-sdk-master/Blueprints Approach/Content/Mannequin/Character/Mesh/SK_Mannequin_PhysicsAsset.uasset" 301
"C:/Users/Harsh Agarwal/Desktop/agora-unreal-4.24plus-sdk-master/Blueprints Approach/Content/Mannequin/Character/Mesh/SK_Mannequin.uasset" 302
"C:/Users/Harsh Agarwal/Desktop/agora-unreal-4.24plus-sdk-master/Blueprints Approach/Content/SciFiWeapLight/FX/Textures/T_Ember_01.uasset" 303
"C:/Users/Harsh Agarwal/Desktop/agora-unreal-4.24plus-sdk-master/Blueprints Approach/Content/SciFiWeapLight/FX/Materials/M_Ember_Speed_01.uasset" 304
"C:/Users/Harsh Agarwal/Desktop/agora-unreal-4.24plus-sdk-master/Blueprints Approach/Content/SciFiWeapLight/FX/Textures/T_LightRay_01.uasset" 305
"C:/Users/Harsh Agarwal/Desktop/agora-unreal-4.24plus-sdk-master/Blueprints Approach/Content/SciFiWeapLight/FX/Materials/M_LightRay_01.uasset" 306
"C:/Users/Harsh Agarwal/Desktop/agora-unreal-4.24plus-sdk-master/Blueprints Approach/Content/SciFiWeapLight/FX/Textures/T_ShockwaveGlow_01.uasset" 307
"C:/Users/Harsh Agarwal/Desktop/agora-unreal-4.24plus-sdk-master/Blueprints Approach/Content/SciFiWeapLight/FX/Materials/M_Shockwave_01.uasset" 308
"C:/Users/Harsh Agarwal/Desktop/agora-unreal-4.24plus-sdk-master/Blueprints Approach/Content/SciFiWeapLight/FX/Textures/T_Shockwave_NormalMap_01.uasset" 309
"C:/Users/Harsh Agarwal/Desktop/agora-unreal-4.24plus-sdk-master/Blueprints Approach/Content/SciFiWeapLight/FX/Materials/M_Shockwave_Refraction_01.uasset" 310
"C:/Users/Harsh Agarwal/Desktop/agora-unreal-4.24plus-sdk-master/Blueprints Approach/Content/SciFiWeapLight/FX/Textures/T_SmokeRibbon_01.uasset" 311
"C:/Users/Harsh Agarwal/Desktop/agora-unreal-4.24plus-sdk-master/Blueprints Approach/Content/SciFiWeapLight/FX/Materials/M_SmokeRibbon_01.uasset" 312
"C:/Users/Harsh Agarwal/Desktop/agora-unreal-4.24plus-sdk-master/Blueprints Approach/Content/SciFiWeapLight/FX/Textures/T_Explosion_8x8_Erode_01.uasset" 313
"C:/Users/Harsh Agarwal/Desktop/agora-unreal-4.24plus-sdk-master/Blueprints Approach/Content/SciFiWeapLight/FX/Textures/T_Explosion_Density_A_01.uasset" 314
"C:/Users/Harsh Agarwal/Desktop/agora-unreal-4.24plus-sdk-master/Blueprints Approach/Content/SciFiWeapLight/FX/Textures/T_Explosion_Density_A_Normals_01.uasset" 315
"C:/Users/Harsh Agarwal/Desktop/agora-unreal-4.24plus-sdk-master/Blueprints Approach/Content/SciFiWeapLight/FX/Textures/T_Explosion_Heat_A_01.uasset" 316
"C:/Users/Harsh Agarwal/Desktop/agora-unreal-4.24plus-sdk-master/Blueprints Approach/Content/SciFiWeapLight/FX/Textures/T_Spherical_NormalMap_01.uasset" 317
"C:/Users/Harsh Agarwal/Desktop/agora-unreal-4.24plus-sdk-master/Blueprints Approach/Content/SciFiWeapLight/FX/Materials/M_Explosion_8x8_A_01.uasset" 318
"C:/Users/Harsh Agarwal/Desktop/agora-unreal-4.24plus-sdk-master/Blueprints Approach/Content/SciFiWeapLight/FX/Materials/M_Exp_C_Dark_Inst.uasset" 319
"C:/Users/Harsh Agarwal/Desktop/agora-unreal-4.24plus-sdk-master/Blueprints Approach/Content/SciFiWeapLight/FX/Materials/M_Plasma_Inst_I_Dark.uasset" 320
"C:/Users/Harsh Agarwal/Desktop/agora-unreal-4.24plus-sdk-master/Blueprints Approach/Content/SciFiWeapLight/FX/Meshes/St_Shockwave_01.uasset" 321
"C:/Users/Harsh Agarwal/Desktop/agora-unreal-4.24plus-sdk-master/Blueprints Approach/Content/SciFiWeapLight/FX/Particles/P_RocketLauncher_Explosion_Dark.uasset" 322
"C:/Users/Harsh Agarwal/Desktop/agora-unreal-4.24plus-sdk-master/Blueprints Approach/Content/SciFiWeapLight/Sound/Attenuation/Explosion_att.uasset" 323
"C:/Users/Harsh Agarwal/Desktop/agora-unreal-4.24plus-sdk-master/Blueprints Approach/Content/SciFiWeapLight/Sound/RocketLauncher/RL_Explosion_Cue.uasset" 324
"C:/Users/Harsh Agarwal/Desktop/agora-unreal-4.24plus-sdk-master/Blueprints Approach/Content/Melee/Melee.uasset" 325
"../../../Engine/Content/BasicShapes/BasicShapeMaterial.uasset" 326
"../../../Engine/Content/BasicShapes/Sphere.uasset" 327
"C:/Users/Harsh Agarwal/Desktop/agora-unreal-4.24plus-sdk-master/Blueprints Approach/Content/SciFiWeapLight/FX/Materials/M_Tracer_A.uasset" 328
"C:/Users/Harsh Agarwal/Desktop/agora-unreal-4.24plus-sdk-master/Blueprints Approach/Content/SciFiWeapLight/FX/Materials/M_Plasma_Inst_F_Light.uasset" 329
"C:/Users/Harsh Agarwal/Desktop/agora-unreal-4.24plus-sdk-master/Blueprints Approach/Content/SciFiWeapLight/FX/Meshes/St_Tracer_B.uasset" 330
"C:/Users/Harsh Agarwal/Desktop/agora-unreal-4.24plus-sdk-master/Blueprints Approach/Content/SciFiWeapLight/FX/Particles/P_AssaultRifle_Tracer_Light.uasset" 331
"C:/Users/Harsh Agarwal/Desktop/agora-unreal-4.24plus-sdk-master/Blueprints Approach/Content/SciFiWeapLight/FX/Textures/T_Smoke_8x8_B_01.uasset" 332
"C:/Users/Harsh Agarwal/Desktop/agora-unreal-4.24plus-sdk-master/Blueprints Approach/Content/SciFiWeapLight/FX/Materials/M_Smoke_8x8_B_01.uasset" 333
"C:/Users/Harsh Agarwal/Desktop/agora-unreal-4.24plus-sdk-master/Blueprints Approach/Content/SciFiWeapLight/FX/Textures/T_SparkImpacts_2x2_01.uasset" 334
"C:/Users/Harsh Agarwal/Desktop/agora-unreal-4.24plus-sdk-master/Blueprints Approach/Content/SciFiWeapLight/FX/Materials/M_SparksImpact_2x2_01.uasset" 335
"C:/Users/Harsh Agarwal/Desktop/agora-unreal-4.24plus-sdk-master/Blueprints Approach/Content/SciFiWeapLight/FX/Particles/P_Impact_Metal_Large_Dark.uasset" 336
"C:/Users/Harsh Agarwal/Desktop/agora-unreal-4.24plus-sdk-master/Blueprints Approach/Content/SciFiWeapLight/FX/Materials/M_Plasma_Inst_G_Light.uasset" 337
"C:/Users/Harsh Agarwal/Desktop/agora-unreal-4.24plus-sdk-master/Blueprints Approach/Content/SciFiWeapLight/FX/Particles/P_Impact_Metal_Large_Light.uasset" 338
"C:/Users/Harsh Agarwal/Desktop/agora-unreal-4.24plus-sdk-master/Blueprints Approach/Content/SciFiWeapLight/FX/Materials/M_Exp_C_Light_Inst.uasset" 339
"C:/Users/Harsh Agarwal/Desktop/agora-unreal-4.24plus-sdk-master/Blueprints Approach/Content/SciFiWeapLight/FX/Particles/P_RocketLauncher_Explosion_Light.uasset" 340
"C:/Users/Harsh Agarwal/Desktop/agora-unreal-4.24plus-sdk-master/Blueprints Approach/Content/SciFiWeapLight/Sound/Attenuation/ProjectileImpact_att.uasset" 341
"C:/Users/Harsh Agarwal/Desktop/agora-unreal-4.24plus-sdk-master/Blueprints Approach/Content/SciFiWeapLight/Sound/Rifle/Rifle_ImpactBody_Cue.uasset" 342
"C:/Users/Harsh Agarwal/Desktop/agora-unreal-4.24plus-sdk-master/Blueprints Approach/Content/TopDownBP/Blueprints/Bullet.uasset" 343
"C:/Users/Harsh Agarwal/Desktop/agora-unreal-4.24plus-sdk-master/Blueprints Approach/Content/FirstPerson/Meshes/BaseMaterial.uasset" 344
"C:/Users/Harsh Agarwal/Desktop/agora-unreal-4.24plus-sdk-master/Blueprints Approach/Content/Geometry/Meshes/CubeMaterial.uasset" 345
"C:/Users/Harsh Agarwal/Desktop/agora-unreal-4.24plus-sdk-master/Blueprints Approach/Content/UI/SM_Floor_Center_A1.uasset" 346
"C:/Users/Harsh Agarwal/Desktop/agora-unreal-4.24plus-sdk-master/Blueprints Approach/Content/UI/SpawnPt.uasset" 347
"../../../Engine/Content/Functions/Engine_MaterialFunctions01/Density/ExponentialDensity.uasset" 348
"../../../Engine/Content/Functions/Engine_MaterialFunctions01/Gradient/RadialGradientExponential.uasset" 349
"C:/Users/Harsh Agarwal/Desktop/agora-unreal-4.24plus-sdk-master/Blueprints Approach/Content/TopDownBP/Blueprints/M_Cursor_Decal.uasset" 350
"C:/Users/Harsh Agarwal/Desktop/agora-unreal-4.24plus-sdk-master/Blueprints Approach/Content/SciFiWeapLight/Weapons/Textures/T_White_AssaultRifle_Masks.uasset" 351
"C:/Users/Harsh Agarwal/Desktop/agora-unreal-4.24plus-sdk-master/Blueprints Approach/Content/SciFiWeapLight/Weapons/Materials/M_AssaultRifle_Inst.uasset" 352
"C:/Users/Harsh Agarwal/Desktop/agora-unreal-4.24plus-sdk-master/Blueprints Approach/Content/SciFiWeapLight/Weapons/White_AssaultRifle_PhysicsAsset.uasset" 353
"C:/Users/Harsh Agarwal/Desktop/agora-unreal-4.24plus-sdk-master/Blueprints Approach/Content/SciFiWeapLight/Weapons/White_AssaultRifle.uasset" 354
"C:/Users/Harsh Agarwal/Desktop/agora-unreal-4.24plus-sdk-master/Blueprints Approach/Content/UI/HealthScore.uasset" 355
"C:/Users/Harsh Agarwal/Desktop/agora-unreal-4.24plus-sdk-master/Blueprints Approach/Content/Blueprints/AgoraGameInstance_BP.uasset" 356
"C:/Users/Harsh Agarwal/Desktop/agora-unreal-4.24plus-sdk-master/Blueprints Approach/Content/TopDownBP/Blueprints/TopDownController.uasset" 357
"C:/Users/Harsh Agarwal/Desktop/agora-unreal-4.24plus-sdk-master/Blueprints Approach/Content/Widgets_BP/DeviceTestWidget_BP.uasset" 358
"C:/Users/Harsh Agarwal/Desktop/agora-unreal-4.24plus-sdk-master/Blueprints Approach/Content/ButtonTextures/cameraoff.uasset" 359
"C:/Users/Harsh Agarwal/Desktop/agora-unreal-4.24plus-sdk-master/Blueprints Approach/Content/ButtonTextures/cameraon.uasset" 360
"C:/Users/Harsh Agarwal/Desktop/agora-unreal-4.24plus-sdk-master/Blueprints Approach/Content/ButtonTextures/hangup.uasset" 361
"C:/Users/Harsh Agarwal/Desktop/agora-unreal-4.24plus-sdk-master/Blueprints Approach/Content/ButtonTextures/mute.uasset" 362
"C:/Users/Harsh Agarwal/Desktop/agora-unreal-4.24plus-sdk-master/Blueprints Approach/Content/ButtonTextures/unmute.uasset" 363
"C:/Users/Harsh Agarwal/Desktop/agora-unreal-4.24plus-sdk-master/Blueprints Approach/Content/Widgets_BP/VideoCallWidget_BP.uasset" 364
"C:/Users/Harsh Agarwal/Desktop/agora-unreal-4.24plus-sdk-master/Blueprints Approach/Content/Widgets_BP/VideoSettingsWidget_BP.uasset" 365
"C:/Users/Harsh Agarwal/Desktop/agora-unreal-4.24plus-sdk-master/Blueprints Approach/Content/Blueprints/GameMode_BP.uasset" 366
"C:/Users/Harsh Agarwal/Desktop/agora-unreal-4.24plus-sdk-master/Blueprints Approach/Content/Widgets_BP/IntroductionWidget_BP.uasset" 367
"C:/Users/Harsh Agarwal/Desktop/agora-unreal-4.24plus-sdk-master/Blueprints Approach/Content/UI/MainMenu.uasset" 368
"C:/Users/Harsh Agarwal/Desktop/agora-unreal-4.24plus-sdk-master/Blueprints Approach/Content/TopDownBP/Blueprints/TopDownCharacter.uasset" 369
"../../../Engine/Content/EngineSky/C_Sky_Cloud_Color.uasset" 370
"../../../Engine/Content/EngineSky/C_Sky_Horizon_Color.uasset" 371
"../../../Engine/Content/EngineSky/C_Sky_Zenith_Color.uasset" 372
"../../../Engine/Content/EngineSky/T_Sky_Blue.uasset" 373
"../../../Engine/Content/EngineSky/T_Sky_Clouds_M.uasset" 374
"../../../Engine/Content/EngineSky/T_Sky_Stars.uasset" 375
"../../../Engine/Content/EngineSky/M_Sky_Panning_Clouds2.uasset" 376
"../../../Engine/Content/EngineSky/SM_SkySphere.uasset" 377
"../../../Engine/Content/EngineSky/BP_Sky_Sphere.uasset" 378
"C:/Users/Harsh Agarwal/Desktop/agora-unreal-4.24plus-sdk-master/Blueprints Approach/Content/TopDownBP/Blueprints/TopDownGameMode.uasset" 379
"C:/Users/Harsh Agarwal/Desktop/agora-unreal-4.24plus-sdk-master/Blueprints Approach/Content/UI/HealthPickup.uasset" 380
"C:/Users/Harsh Agarwal/Desktop/agora-unreal-4.24plus-sdk-master/Blueprints Approach/Content/UI/PowerUp.uasset" 381
"C:/Users/Harsh Agarwal/Desktop/agora-unreal-4.24plus-sdk-master/Blueprints Approach/Content/FirstPerson/Meshes/FirstPersonProjectileMaterial.uasset" 382
"C:/Users/Harsh Agarwal/Desktop/agora-unreal-4.24plus-sdk-master/Blueprints Approach/Content/UI/PowerSpawn.uasset" 383
"C:/Users/Harsh Agarwal/Desktop/agora-unreal-4.24plus-sdk-master/Blueprints Approach/Content/TopDownBP/Maps/TopDownExampleMap_BuiltData.uasset" 384
"C:/Users/Harsh Agarwal/Desktop/agora-unreal-4.24plus-sdk-master/Blueprints Approach/Content/StarterContent/Textures/T_MacroVariation.uasset" 385
"C:/Users/Harsh Agarwal/Desktop/agora-unreal-4.24plus-sdk-master/Blueprints Approach/Content/StarterContent/Textures/T_Tech_Hex_Tile_M.uasset" 386
"C:/Users/Harsh Agarwal/Desktop/agora-unreal-4.24plus-sdk-master/Blueprints Approach/Content/StarterContent/Textures/T_Tech_Hex_Tile_N.uasset" 387
"C:/Users/Harsh Agarwal/Desktop/agora-unreal-4.24plus-sdk-master/Blueprints Approach/Content/StarterContent/Materials/M_Tech_Hex_Tile_Pulse.uasset" 388
"C:/Users/Harsh Agarwal/Desktop/agora-unreal-4.24plus-sdk-master/Blueprints Approach/Content/StarterContent/Textures/T_Wood_Oak_D.uasset" 389
"C:/Users/Harsh Agarwal/Desktop/agora-unreal-4.24plus-sdk-master/Blueprints Approach/Content/StarterContent/Textures/T_Wood_Oak_N.uasset" 390
"C:/Users/Harsh Agarwal/Desktop/agora-unreal-4.24plus-sdk-master/Blueprints Approach/Content/StarterContent/Materials/M_Wood_Oak.uasset" 391
"C:/Users/Harsh Agarwal/Desktop/agora-unreal-4.24plus-sdk-master/Blueprints Approach/Content/Geometry/Meshes/1M_Cube.uasset" 392
"C:/Users/Harsh Agarwal/Desktop/agora-unreal-4.24plus-sdk-master/Blueprints Approach/Content/Geometry/Meshes/1M_Cube_Chamfer.uasset" 393
"C:/Users/Harsh Agarwal/Desktop/agora-unreal-4.24plus-sdk-master/Blueprints Approach/Content/TopDownBP/Maps/TopDownExampleMap.umap" 394
"../../../Engine/Content/Maps/Entry_BuiltData.uasset" 395
"../../../Engine/Content/Maps/Entry.umap" 396
